2021-01-25 14:48:44,499 - Log4JLogChute initialized using file 'velocity.log'
2021-01-25 14:48:44,499 - Initializing Velocity, Calling init()...
2021-01-25 14:48:44,500 - Starting Apache Velocity v1.7 (compiled: 2010-11-19 12:14:37)
2021-01-25 14:48:44,500 - Default Properties File: org\apache\velocity\runtime\defaults\velocity.properties
2021-01-25 14:48:44,500 - Trying to use logger class org.apache.velocity.runtime.log.AvalonLogChute
2021-01-25 14:48:44,500 - Target log system for org.apache.velocity.runtime.log.AvalonLogChute is not available (java.lang.NoClassDefFoundError: org/apache/log/format/Formatter).  Falling back to next log system...
2021-01-25 14:48:44,500 - Trying to use logger class org.apache.velocity.runtime.log.Log4JLogChute
2021-01-25 14:48:44,502 - Using logger class org.apache.velocity.runtime.log.Log4JLogChute
2021-01-25 14:48:44,507 - ResourceLoader instantiated: org.apache.velocity.runtime.resource.loader.ClasspathResourceLoader
2021-01-25 14:48:44,525 - ResourceCache: initialized (class org.apache.velocity.runtime.resource.ResourceCacheImpl) with class java.util.Collections$SynchronizedMap cache map.
2021-01-25 14:48:44,527 - Loaded System Directive: org.apache.velocity.runtime.directive.Stop
2021-01-25 14:48:44,529 - Loaded System Directive: org.apache.velocity.runtime.directive.Define
2021-01-25 14:48:44,530 - Loaded System Directive: org.apache.velocity.runtime.directive.Break
2021-01-25 14:48:44,531 - Loaded System Directive: org.apache.velocity.runtime.directive.Evaluate
2021-01-25 14:48:44,532 - Loaded System Directive: org.apache.velocity.runtime.directive.Literal
2021-01-25 14:48:44,533 - Loaded System Directive: org.apache.velocity.runtime.directive.Macro
2021-01-25 14:48:44,535 - Loaded System Directive: org.apache.velocity.runtime.directive.Parse
2021-01-25 14:48:44,538 - Loaded System Directive: org.apache.velocity.runtime.directive.Include
2021-01-25 14:48:44,539 - Loaded System Directive: org.apache.velocity.runtime.directive.Foreach
2021-01-25 14:48:44,580 - Created '20' parsers.
2021-01-25 14:48:44,593 - Velocimacro : "velocimacro.library" is not set.  Trying default library: VM_global_library.vm
2021-01-25 14:48:44,594 - Could not load resource 'VM_global_library.vm' from ResourceLoader org.apache.velocity.runtime.resource.loader.ClasspathResourceLoader: ClasspathResourceLoader Error: cannot find resource VM_global_library.vm
2021-01-25 14:48:44,594 - Velocimacro : Default library not found.
2021-01-25 14:48:44,594 - Velocimacro : allowInline = true : VMs can be defined inline in templates
2021-01-25 14:48:44,594 - Velocimacro : allowInlineToOverride = false : VMs defined inline may NOT replace previous VM definitions
2021-01-25 14:48:44,594 - Velocimacro : allowInlineLocal = false : VMs defined inline will be global in scope if allowed.
2021-01-25 14:48:44,595 - Velocimacro : autoload off : VM system will not automatically reload global library macros
2021-01-25 14:48:44,619 - ResourceManager : found /templates/mapper.xml.vm with loader org.apache.velocity.runtime.resource.loader.ClasspathResourceLoader
2021-01-25 14:48:44,674 - ResourceManager : found /templates/entity.java.vm with loader org.apache.velocity.runtime.resource.loader.ClasspathResourceLoader
2021-01-25 14:48:44,678 - Left side (${versionFieldName}) of '==' operation has null value. If it is a reference, it may not be in the context or its toString() returned null. /templates/entity.java.vm[line 92, column 26]
2021-01-25 14:48:44,678 - Left side (${logicDeleteFieldName}) of '==' operation has null value. If it is a reference, it may not be in the context or its toString() returned null. /templates/entity.java.vm[line 96, column 30]
2021-01-25 14:48:44,680 - Left side (${versionFieldName}) of '==' operation has null value. If it is a reference, it may not be in the context or its toString() returned null. /templates/entity.java.vm[line 92, column 26]
2021-01-25 14:48:44,680 - Left side (${logicDeleteFieldName}) of '==' operation has null value. If it is a reference, it may not be in the context or its toString() returned null. /templates/entity.java.vm[line 96, column 30]
2021-01-25 14:48:44,681 - Left side (${versionFieldName}) of '==' operation has null value. If it is a reference, it may not be in the context or its toString() returned null. /templates/entity.java.vm[line 92, column 26]
2021-01-25 14:48:44,681 - Left side (${logicDeleteFieldName}) of '==' operation has null value. If it is a reference, it may not be in the context or its toString() returned null. /templates/entity.java.vm[line 96, column 30]
2021-01-25 14:48:44,681 - Left side (${versionFieldName}) of '==' operation has null value. If it is a reference, it may not be in the context or its toString() returned null. /templates/entity.java.vm[line 92, column 26]
2021-01-25 14:48:44,681 - Left side (${logicDeleteFieldName}) of '==' operation has null value. If it is a reference, it may not be in the context or its toString() returned null. /templates/entity.java.vm[line 96, column 30]
2021-01-25 14:48:44,681 - Left side (${versionFieldName}) of '==' operation has null value. If it is a reference, it may not be in the context or its toString() returned null. /templates/entity.java.vm[line 92, column 26]
2021-01-25 14:48:44,681 - Left side (${logicDeleteFieldName}) of '==' operation has null value. If it is a reference, it may not be in the context or its toString() returned null. /templates/entity.java.vm[line 96, column 30]
2021-01-25 14:48:44,682 - Left side (${versionFieldName}) of '==' operation has null value. If it is a reference, it may not be in the context or its toString() returned null. /templates/entity.java.vm[line 92, column 26]
2021-01-25 14:48:44,682 - Left side (${logicDeleteFieldName}) of '==' operation has null value. If it is a reference, it may not be in the context or its toString() returned null. /templates/entity.java.vm[line 96, column 30]
2021-01-25 14:48:44,682 - Left side (${versionFieldName}) of '==' operation has null value. If it is a reference, it may not be in the context or its toString() returned null. /templates/entity.java.vm[line 92, column 26]
2021-01-25 14:48:44,683 - Left side (${logicDeleteFieldName}) of '==' operation has null value. If it is a reference, it may not be in the context or its toString() returned null. /templates/entity.java.vm[line 96, column 30]
2021-01-25 14:48:44,683 - Left side (${versionFieldName}) of '==' operation has null value. If it is a reference, it may not be in the context or its toString() returned null. /templates/entity.java.vm[line 92, column 26]
2021-01-25 14:48:44,683 - Left side (${logicDeleteFieldName}) of '==' operation has null value. If it is a reference, it may not be in the context or its toString() returned null. /templates/entity.java.vm[line 96, column 30]
2021-01-25 14:48:44,683 - Left side (${versionFieldName}) of '==' operation has null value. If it is a reference, it may not be in the context or its toString() returned null. /templates/entity.java.vm[line 92, column 26]
2021-01-25 14:48:44,683 - Left side (${logicDeleteFieldName}) of '==' operation has null value. If it is a reference, it may not be in the context or its toString() returned null. /templates/entity.java.vm[line 96, column 30]
2021-01-25 14:48:44,684 - Left side (${versionFieldName}) of '==' operation has null value. If it is a reference, it may not be in the context or its toString() returned null. /templates/entity.java.vm[line 92, column 26]
2021-01-25 14:48:44,684 - Left side (${logicDeleteFieldName}) of '==' operation has null value. If it is a reference, it may not be in the context or its toString() returned null. /templates/entity.java.vm[line 96, column 30]
2021-01-25 14:48:44,685 - Left side (${versionFieldName}) of '==' operation has null value. If it is a reference, it may not be in the context or its toString() returned null. /templates/entity.java.vm[line 92, column 26]
2021-01-25 14:48:44,685 - Left side (${logicDeleteFieldName}) of '==' operation has null value. If it is a reference, it may not be in the context or its toString() returned null. /templates/entity.java.vm[line 96, column 30]
2021-01-25 14:48:44,689 - Left side (${versionFieldName}) of '==' operation has null value. If it is a reference, it may not be in the context or its toString() returned null. /templates/entity.java.vm[line 92, column 26]
2021-01-25 14:48:44,689 - Left side (${logicDeleteFieldName}) of '==' operation has null value. If it is a reference, it may not be in the context or its toString() returned null. /templates/entity.java.vm[line 96, column 30]
2021-01-25 14:48:44,690 - Left side (${versionFieldName}) of '==' operation has null value. If it is a reference, it may not be in the context or its toString() returned null. /templates/entity.java.vm[line 92, column 26]
2021-01-25 14:48:44,690 - Left side (${logicDeleteFieldName}) of '==' operation has null value. If it is a reference, it may not be in the context or its toString() returned null. /templates/entity.java.vm[line 96, column 30]
2021-01-25 14:48:44,719 - ResourceManager : found /templates/mapper.java.vm with loader org.apache.velocity.runtime.resource.loader.ClasspathResourceLoader
2021-01-25 14:48:44,724 - ResourceManager : found /templates/service.java.vm with loader org.apache.velocity.runtime.resource.loader.ClasspathResourceLoader
2021-01-25 14:48:44,730 - ResourceManager : found /templates/serviceImpl.java.vm with loader org.apache.velocity.runtime.resource.loader.ClasspathResourceLoader
2021-01-25 14:48:44,742 - ResourceManager : found /templates/controller.java.vm with loader org.apache.velocity.runtime.resource.loader.ClasspathResourceLoader
2021-01-25 14:53:48,459 - Log4JLogChute initialized using file 'velocity.log'
2021-01-25 14:53:48,460 - Initializing Velocity, Calling init()...
2021-01-25 14:53:48,460 - Starting Apache Velocity v1.7 (compiled: 2010-11-19 12:14:37)
2021-01-25 14:53:48,460 - Default Properties File: org\apache\velocity\runtime\defaults\velocity.properties
2021-01-25 14:53:48,460 - Trying to use logger class org.apache.velocity.runtime.log.AvalonLogChute
2021-01-25 14:53:48,460 - Target log system for org.apache.velocity.runtime.log.AvalonLogChute is not available (java.lang.NoClassDefFoundError: org/apache/log/format/Formatter).  Falling back to next log system...
2021-01-25 14:53:48,460 - Trying to use logger class org.apache.velocity.runtime.log.Log4JLogChute
2021-01-25 14:53:48,460 - Using logger class org.apache.velocity.runtime.log.Log4JLogChute
2021-01-25 14:53:48,466 - ResourceLoader instantiated: org.apache.velocity.runtime.resource.loader.ClasspathResourceLoader
2021-01-25 14:53:48,483 - ResourceCache: initialized (class org.apache.velocity.runtime.resource.ResourceCacheImpl) with class java.util.Collections$SynchronizedMap cache map.
2021-01-25 14:53:48,485 - Loaded System Directive: org.apache.velocity.runtime.directive.Stop
2021-01-25 14:53:48,487 - Loaded System Directive: org.apache.velocity.runtime.directive.Define
2021-01-25 14:53:48,488 - Loaded System Directive: org.apache.velocity.runtime.directive.Break
2021-01-25 14:53:48,489 - Loaded System Directive: org.apache.velocity.runtime.directive.Evaluate
2021-01-25 14:53:48,490 - Loaded System Directive: org.apache.velocity.runtime.directive.Literal
2021-01-25 14:53:48,492 - Loaded System Directive: org.apache.velocity.runtime.directive.Macro
2021-01-25 14:53:48,496 - Loaded System Directive: org.apache.velocity.runtime.directive.Parse
2021-01-25 14:53:48,497 - Loaded System Directive: org.apache.velocity.runtime.directive.Include
2021-01-25 14:53:48,499 - Loaded System Directive: org.apache.velocity.runtime.directive.Foreach
2021-01-25 14:53:48,534 - Created '20' parsers.
2021-01-25 14:53:48,542 - Velocimacro : "velocimacro.library" is not set.  Trying default library: VM_global_library.vm
2021-01-25 14:53:48,543 - Could not load resource 'VM_global_library.vm' from ResourceLoader org.apache.velocity.runtime.resource.loader.ClasspathResourceLoader: ClasspathResourceLoader Error: cannot find resource VM_global_library.vm
2021-01-25 14:53:48,543 - Velocimacro : Default library not found.
2021-01-25 14:53:48,543 - Velocimacro : allowInline = true : VMs can be defined inline in templates
2021-01-25 14:53:48,543 - Velocimacro : allowInlineToOverride = false : VMs defined inline may NOT replace previous VM definitions
2021-01-25 14:53:48,544 - Velocimacro : allowInlineLocal = false : VMs defined inline will be global in scope if allowed.
2021-01-25 14:53:48,544 - Velocimacro : autoload off : VM system will not automatically reload global library macros
2021-01-25 14:53:48,567 - ResourceManager : found /templates/mapper.xml.vm with loader org.apache.velocity.runtime.resource.loader.ClasspathResourceLoader
2021-01-25 14:53:48,642 - ResourceManager : found /templates/entity.java.vm with loader org.apache.velocity.runtime.resource.loader.ClasspathResourceLoader
2021-01-25 14:53:48,662 - Left side (${versionFieldName}) of '==' operation has null value. If it is a reference, it may not be in the context or its toString() returned null. /templates/entity.java.vm[line 92, column 26]
2021-01-25 14:53:48,663 - Left side (${logicDeleteFieldName}) of '==' operation has null value. If it is a reference, it may not be in the context or its toString() returned null. /templates/entity.java.vm[line 96, column 30]
2021-01-25 14:53:48,663 - Left side (${versionFieldName}) of '==' operation has null value. If it is a reference, it may not be in the context or its toString() returned null. /templates/entity.java.vm[line 92, column 26]
2021-01-25 14:53:48,663 - Left side (${logicDeleteFieldName}) of '==' operation has null value. If it is a reference, it may not be in the context or its toString() returned null. /templates/entity.java.vm[line 96, column 30]
2021-01-25 14:53:48,663 - Left side (${versionFieldName}) of '==' operation has null value. If it is a reference, it may not be in the context or its toString() returned null. /templates/entity.java.vm[line 92, column 26]
2021-01-25 14:53:48,664 - Left side (${logicDeleteFieldName}) of '==' operation has null value. If it is a reference, it may not be in the context or its toString() returned null. /templates/entity.java.vm[line 96, column 30]
2021-01-25 14:53:48,665 - Left side (${versionFieldName}) of '==' operation has null value. If it is a reference, it may not be in the context or its toString() returned null. /templates/entity.java.vm[line 92, column 26]
2021-01-25 14:53:48,665 - Left side (${logicDeleteFieldName}) of '==' operation has null value. If it is a reference, it may not be in the context or its toString() returned null. /templates/entity.java.vm[line 96, column 30]
2021-01-25 14:53:48,665 - Left side (${versionFieldName}) of '==' operation has null value. If it is a reference, it may not be in the context or its toString() returned null. /templates/entity.java.vm[line 92, column 26]
2021-01-25 14:53:48,665 - Left side (${logicDeleteFieldName}) of '==' operation has null value. If it is a reference, it may not be in the context or its toString() returned null. /templates/entity.java.vm[line 96, column 30]
2021-01-25 14:53:48,670 - Left side (${versionFieldName}) of '==' operation has null value. If it is a reference, it may not be in the context or its toString() returned null. /templates/entity.java.vm[line 92, column 26]
2021-01-25 14:53:48,671 - Left side (${logicDeleteFieldName}) of '==' operation has null value. If it is a reference, it may not be in the context or its toString() returned null. /templates/entity.java.vm[line 96, column 30]
2021-01-25 14:53:48,671 - Left side (${versionFieldName}) of '==' operation has null value. If it is a reference, it may not be in the context or its toString() returned null. /templates/entity.java.vm[line 92, column 26]
2021-01-25 14:53:48,671 - Left side (${logicDeleteFieldName}) of '==' operation has null value. If it is a reference, it may not be in the context or its toString() returned null. /templates/entity.java.vm[line 96, column 30]
2021-01-25 14:53:48,672 - Left side (${versionFieldName}) of '==' operation has null value. If it is a reference, it may not be in the context or its toString() returned null. /templates/entity.java.vm[line 92, column 26]
2021-01-25 14:53:48,672 - Left side (${logicDeleteFieldName}) of '==' operation has null value. If it is a reference, it may not be in the context or its toString() returned null. /templates/entity.java.vm[line 96, column 30]
2021-01-25 14:53:48,672 - Left side (${versionFieldName}) of '==' operation has null value. If it is a reference, it may not be in the context or its toString() returned null. /templates/entity.java.vm[line 92, column 26]
2021-01-25 14:53:48,673 - Left side (${logicDeleteFieldName}) of '==' operation has null value. If it is a reference, it may not be in the context or its toString() returned null. /templates/entity.java.vm[line 96, column 30]
2021-01-25 14:53:48,674 - Left side (${versionFieldName}) of '==' operation has null value. If it is a reference, it may not be in the context or its toString() returned null. /templates/entity.java.vm[line 92, column 26]
2021-01-25 14:53:48,674 - Left side (${logicDeleteFieldName}) of '==' operation has null value. If it is a reference, it may not be in the context or its toString() returned null. /templates/entity.java.vm[line 96, column 30]
2021-01-25 14:53:48,700 - ResourceManager : found /templates/mapper.java.vm with loader org.apache.velocity.runtime.resource.loader.ClasspathResourceLoader
2021-01-25 14:53:48,704 - ResourceManager : found /templates/service.java.vm with loader org.apache.velocity.runtime.resource.loader.ClasspathResourceLoader
2021-01-25 14:53:48,708 - ResourceManager : found /templates/serviceImpl.java.vm with loader org.apache.velocity.runtime.resource.loader.ClasspathResourceLoader
2021-01-25 14:53:48,716 - ResourceManager : found /templates/controller.java.vm with loader org.apache.velocity.runtime.resource.loader.ClasspathResourceLoader
2021-01-28 13:18:31,583 - Log4JLogChute initialized using file 'velocity.log'
2021-01-28 13:18:31,606 - Initializing Velocity, Calling init()...
2021-01-28 13:18:31,606 - Starting Apache Velocity v1.7 (compiled: 2010-11-19 12:14:37)
2021-01-28 13:18:31,606 - Default Properties File: org\apache\velocity\runtime\defaults\velocity.properties
2021-01-28 13:18:31,606 - Trying to use logger class org.apache.velocity.runtime.log.AvalonLogChute
2021-01-28 13:18:31,606 - Target log system for org.apache.velocity.runtime.log.AvalonLogChute is not available (java.lang.NoClassDefFoundError: org/apache/log/format/Formatter).  Falling back to next log system...
2021-01-28 13:18:31,606 - Trying to use logger class org.apache.velocity.runtime.log.Log4JLogChute
2021-01-28 13:18:31,606 - Using logger class org.apache.velocity.runtime.log.Log4JLogChute
2021-01-28 13:18:31,612 - ResourceLoader instantiated: org.apache.velocity.runtime.resource.loader.ClasspathResourceLoader
2021-01-28 13:18:31,630 - ResourceCache: initialized (class org.apache.velocity.runtime.resource.ResourceCacheImpl) with class java.util.Collections$SynchronizedMap cache map.
2021-01-28 13:18:31,636 - Loaded System Directive: org.apache.velocity.runtime.directive.Stop
2021-01-28 13:18:31,638 - Loaded System Directive: org.apache.velocity.runtime.directive.Define
2021-01-28 13:18:31,639 - Loaded System Directive: org.apache.velocity.runtime.directive.Break
2021-01-28 13:18:31,640 - Loaded System Directive: org.apache.velocity.runtime.directive.Evaluate
2021-01-28 13:18:31,643 - Loaded System Directive: org.apache.velocity.runtime.directive.Literal
2021-01-28 13:18:31,646 - Loaded System Directive: org.apache.velocity.runtime.directive.Macro
2021-01-28 13:18:31,648 - Loaded System Directive: org.apache.velocity.runtime.directive.Parse
2021-01-28 13:18:31,650 - Loaded System Directive: org.apache.velocity.runtime.directive.Include
2021-01-28 13:18:31,652 - Loaded System Directive: org.apache.velocity.runtime.directive.Foreach
2021-01-28 13:18:31,714 - Created '20' parsers.
2021-01-28 13:18:31,725 - Velocimacro : "velocimacro.library" is not set.  Trying default library: VM_global_library.vm
2021-01-28 13:18:31,726 - Could not load resource 'VM_global_library.vm' from ResourceLoader org.apache.velocity.runtime.resource.loader.ClasspathResourceLoader: ClasspathResourceLoader Error: cannot find resource VM_global_library.vm
2021-01-28 13:18:31,726 - Velocimacro : Default library not found.
2021-01-28 13:18:31,726 - Velocimacro : allowInline = true : VMs can be defined inline in templates
2021-01-28 13:18:31,726 - Velocimacro : allowInlineToOverride = false : VMs defined inline may NOT replace previous VM definitions
2021-01-28 13:18:31,726 - Velocimacro : allowInlineLocal = false : VMs defined inline will be global in scope if allowed.
2021-01-28 13:18:31,726 - Velocimacro : autoload off : VM system will not automatically reload global library macros
2021-01-28 13:18:31,777 - ResourceManager : found /templates/mapper.xml.vm with loader org.apache.velocity.runtime.resource.loader.ClasspathResourceLoader
2021-01-28 13:18:31,878 - ResourceManager : found /templates/entity.java.vm with loader org.apache.velocity.runtime.resource.loader.ClasspathResourceLoader
2021-01-28 13:18:31,882 - Left side (${versionFieldName}) of '==' operation has null value. If it is a reference, it may not be in the context or its toString() returned null. /templates/entity.java.vm[line 92, column 26]
2021-01-28 13:18:31,882 - Left side (${logicDeleteFieldName}) of '==' operation has null value. If it is a reference, it may not be in the context or its toString() returned null. /templates/entity.java.vm[line 96, column 30]
2021-01-28 13:18:31,882 - Left side (${versionFieldName}) of '==' operation has null value. If it is a reference, it may not be in the context or its toString() returned null. /templates/entity.java.vm[line 92, column 26]
2021-01-28 13:18:31,882 - Left side (${logicDeleteFieldName}) of '==' operation has null value. If it is a reference, it may not be in the context or its toString() returned null. /templates/entity.java.vm[line 96, column 30]
2021-01-28 13:18:31,882 - Left side (${versionFieldName}) of '==' operation has null value. If it is a reference, it may not be in the context or its toString() returned null. /templates/entity.java.vm[line 92, column 26]
2021-01-28 13:18:31,883 - Left side (${logicDeleteFieldName}) of '==' operation has null value. If it is a reference, it may not be in the context or its toString() returned null. /templates/entity.java.vm[line 96, column 30]
2021-01-28 13:18:31,884 - Left side (${versionFieldName}) of '==' operation has null value. If it is a reference, it may not be in the context or its toString() returned null. /templates/entity.java.vm[line 92, column 26]
2021-01-28 13:18:31,885 - Left side (${logicDeleteFieldName}) of '==' operation has null value. If it is a reference, it may not be in the context or its toString() returned null. /templates/entity.java.vm[line 96, column 30]
2021-01-28 13:18:31,885 - Left side (${versionFieldName}) of '==' operation has null value. If it is a reference, it may not be in the context or its toString() returned null. /templates/entity.java.vm[line 92, column 26]
2021-01-28 13:18:31,885 - Left side (${logicDeleteFieldName}) of '==' operation has null value. If it is a reference, it may not be in the context or its toString() returned null. /templates/entity.java.vm[line 96, column 30]
2021-01-28 13:18:31,887 - Left side (${versionFieldName}) of '==' operation has null value. If it is a reference, it may not be in the context or its toString() returned null. /templates/entity.java.vm[line 92, column 26]
2021-01-28 13:18:31,887 - Left side (${logicDeleteFieldName}) of '==' operation has null value. If it is a reference, it may not be in the context or its toString() returned null. /templates/entity.java.vm[line 96, column 30]
2021-01-28 13:18:31,887 - Left side (${versionFieldName}) of '==' operation has null value. If it is a reference, it may not be in the context or its toString() returned null. /templates/entity.java.vm[line 92, column 26]
2021-01-28 13:18:31,887 - Left side (${logicDeleteFieldName}) of '==' operation has null value. If it is a reference, it may not be in the context or its toString() returned null. /templates/entity.java.vm[line 96, column 30]
2021-01-28 13:18:31,887 - Left side (${versionFieldName}) of '==' operation has null value. If it is a reference, it may not be in the context or its toString() returned null. /templates/entity.java.vm[line 92, column 26]
2021-01-28 13:18:31,887 - Left side (${logicDeleteFieldName}) of '==' operation has null value. If it is a reference, it may not be in the context or its toString() returned null. /templates/entity.java.vm[line 96, column 30]
2021-01-28 13:18:31,888 - Left side (${versionFieldName}) of '==' operation has null value. If it is a reference, it may not be in the context or its toString() returned null. /templates/entity.java.vm[line 92, column 26]
2021-01-28 13:18:31,888 - Left side (${logicDeleteFieldName}) of '==' operation has null value. If it is a reference, it may not be in the context or its toString() returned null. /templates/entity.java.vm[line 96, column 30]
2021-01-28 13:18:31,888 - Left side (${versionFieldName}) of '==' operation has null value. If it is a reference, it may not be in the context or its toString() returned null. /templates/entity.java.vm[line 92, column 26]
2021-01-28 13:18:31,888 - Left side (${logicDeleteFieldName}) of '==' operation has null value. If it is a reference, it may not be in the context or its toString() returned null. /templates/entity.java.vm[line 96, column 30]
2021-01-28 13:18:31,943 - ResourceManager : found /templates/mapper.java.vm with loader org.apache.velocity.runtime.resource.loader.ClasspathResourceLoader
2021-01-28 13:18:31,961 - ResourceManager : found /templates/service.java.vm with loader org.apache.velocity.runtime.resource.loader.ClasspathResourceLoader
2021-01-28 13:18:31,994 - ResourceManager : found /templates/serviceImpl.java.vm with loader org.apache.velocity.runtime.resource.loader.ClasspathResourceLoader
2021-01-28 13:18:32,011 - ResourceManager : found /templates/controller.java.vm with loader org.apache.velocity.runtime.resource.loader.ClasspathResourceLoader
2021-01-28 13:20:18,744 - Log4JLogChute initialized using file 'velocity.log'
2021-01-28 13:20:18,745 - Initializing Velocity, Calling init()...
2021-01-28 13:20:18,745 - Starting Apache Velocity v1.7 (compiled: 2010-11-19 12:14:37)
2021-01-28 13:20:18,745 - Default Properties File: org\apache\velocity\runtime\defaults\velocity.properties
2021-01-28 13:20:18,745 - Trying to use logger class org.apache.velocity.runtime.log.AvalonLogChute
2021-01-28 13:20:18,745 - Target log system for org.apache.velocity.runtime.log.AvalonLogChute is not available (java.lang.NoClassDefFoundError: org/apache/log/format/Formatter).  Falling back to next log system...
2021-01-28 13:20:18,746 - Trying to use logger class org.apache.velocity.runtime.log.Log4JLogChute
2021-01-28 13:20:18,746 - Using logger class org.apache.velocity.runtime.log.Log4JLogChute
2021-01-28 13:20:18,755 - ResourceLoader instantiated: org.apache.velocity.runtime.resource.loader.ClasspathResourceLoader
2021-01-28 13:20:18,801 - ResourceCache: initialized (class org.apache.velocity.runtime.resource.ResourceCacheImpl) with class java.util.Collections$SynchronizedMap cache map.
2021-01-28 13:20:18,822 - Loaded System Directive: org.apache.velocity.runtime.directive.Stop
2021-01-28 13:20:18,829 - Loaded System Directive: org.apache.velocity.runtime.directive.Define
2021-01-28 13:20:18,830 - Loaded System Directive: org.apache.velocity.runtime.directive.Break
2021-01-28 13:20:18,832 - Loaded System Directive: org.apache.velocity.runtime.directive.Evaluate
2021-01-28 13:20:18,833 - Loaded System Directive: org.apache.velocity.runtime.directive.Literal
2021-01-28 13:20:18,835 - Loaded System Directive: org.apache.velocity.runtime.directive.Macro
2021-01-28 13:20:18,837 - Loaded System Directive: org.apache.velocity.runtime.directive.Parse
2021-01-28 13:20:18,839 - Loaded System Directive: org.apache.velocity.runtime.directive.Include
2021-01-28 13:20:18,840 - Loaded System Directive: org.apache.velocity.runtime.directive.Foreach
2021-01-28 13:20:18,937 - Created '20' parsers.
2021-01-28 13:20:18,948 - Velocimacro : "velocimacro.library" is not set.  Trying default library: VM_global_library.vm
2021-01-28 13:20:18,949 - Could not load resource 'VM_global_library.vm' from ResourceLoader org.apache.velocity.runtime.resource.loader.ClasspathResourceLoader: ClasspathResourceLoader Error: cannot find resource VM_global_library.vm
2021-01-28 13:20:18,949 - Velocimacro : Default library not found.
2021-01-28 13:20:18,949 - Velocimacro : allowInline = true : VMs can be defined inline in templates
2021-01-28 13:20:18,950 - Velocimacro : allowInlineToOverride = false : VMs defined inline may NOT replace previous VM definitions
2021-01-28 13:20:18,950 - Velocimacro : allowInlineLocal = false : VMs defined inline will be global in scope if allowed.
2021-01-28 13:20:18,950 - Velocimacro : autoload off : VM system will not automatically reload global library macros
2021-01-28 13:20:19,046 - ResourceManager : found /templates/mapper.xml.vm with loader org.apache.velocity.runtime.resource.loader.ClasspathResourceLoader
2021-01-28 13:20:19,122 - ResourceManager : found /templates/entity.java.vm with loader org.apache.velocity.runtime.resource.loader.ClasspathResourceLoader
2021-01-28 13:20:19,126 - Left side (${versionFieldName}) of '==' operation has null value. If it is a reference, it may not be in the context or its toString() returned null. /templates/entity.java.vm[line 92, column 26]
2021-01-28 13:20:19,126 - Left side (${logicDeleteFieldName}) of '==' operation has null value. If it is a reference, it may not be in the context or its toString() returned null. /templates/entity.java.vm[line 96, column 30]
2021-01-28 13:20:19,126 - Left side (${versionFieldName}) of '==' operation has null value. If it is a reference, it may not be in the context or its toString() returned null. /templates/entity.java.vm[line 92, column 26]
2021-01-28 13:20:19,127 - Left side (${logicDeleteFieldName}) of '==' operation has null value. If it is a reference, it may not be in the context or its toString() returned null. /templates/entity.java.vm[line 96, column 30]
2021-01-28 13:20:19,127 - Left side (${versionFieldName}) of '==' operation has null value. If it is a reference, it may not be in the context or its toString() returned null. /templates/entity.java.vm[line 92, column 26]
2021-01-28 13:20:19,127 - Left side (${logicDeleteFieldName}) of '==' operation has null value. If it is a reference, it may not be in the context or its toString() returned null. /templates/entity.java.vm[line 96, column 30]
2021-01-28 13:20:19,128 - Left side (${versionFieldName}) of '==' operation has null value. If it is a reference, it may not be in the context or its toString() returned null. /templates/entity.java.vm[line 92, column 26]
2021-01-28 13:20:19,129 - Left side (${logicDeleteFieldName}) of '==' operation has null value. If it is a reference, it may not be in the context or its toString() returned null. /templates/entity.java.vm[line 96, column 30]
2021-01-28 13:20:19,129 - Left side (${versionFieldName}) of '==' operation has null value. If it is a reference, it may not be in the context or its toString() returned null. /templates/entity.java.vm[line 92, column 26]
2021-01-28 13:20:19,129 - Left side (${logicDeleteFieldName}) of '==' operation has null value. If it is a reference, it may not be in the context or its toString() returned null. /templates/entity.java.vm[line 96, column 30]
2021-01-28 13:20:19,130 - Left side (${versionFieldName}) of '==' operation has null value. If it is a reference, it may not be in the context or its toString() returned null. /templates/entity.java.vm[line 92, column 26]
2021-01-28 13:20:19,130 - Left side (${logicDeleteFieldName}) of '==' operation has null value. If it is a reference, it may not be in the context or its toString() returned null. /templates/entity.java.vm[line 96, column 30]
2021-01-28 13:20:19,130 - Left side (${versionFieldName}) of '==' operation has null value. If it is a reference, it may not be in the context or its toString() returned null. /templates/entity.java.vm[line 92, column 26]
2021-01-28 13:20:19,130 - Left side (${logicDeleteFieldName}) of '==' operation has null value. If it is a reference, it may not be in the context or its toString() returned null. /templates/entity.java.vm[line 96, column 30]
2021-01-28 13:20:19,131 - Left side (${versionFieldName}) of '==' operation has null value. If it is a reference, it may not be in the context or its toString() returned null. /templates/entity.java.vm[line 92, column 26]
2021-01-28 13:20:19,131 - Left side (${logicDeleteFieldName}) of '==' operation has null value. If it is a reference, it may not be in the context or its toString() returned null. /templates/entity.java.vm[line 96, column 30]
2021-01-28 13:20:19,131 - Left side (${versionFieldName}) of '==' operation has null value. If it is a reference, it may not be in the context or its toString() returned null. /templates/entity.java.vm[line 92, column 26]
2021-01-28 13:20:19,131 - Left side (${logicDeleteFieldName}) of '==' operation has null value. If it is a reference, it may not be in the context or its toString() returned null. /templates/entity.java.vm[line 96, column 30]
2021-01-28 13:20:19,184 - ResourceManager : found /templates/mapper.java.vm with loader org.apache.velocity.runtime.resource.loader.ClasspathResourceLoader
2021-01-28 13:20:19,197 - ResourceManager : found /templates/service.java.vm with loader org.apache.velocity.runtime.resource.loader.ClasspathResourceLoader
2021-01-28 13:20:19,209 - ResourceManager : found /templates/serviceImpl.java.vm with loader org.apache.velocity.runtime.resource.loader.ClasspathResourceLoader
2021-01-28 13:20:19,219 - ResourceManager : found /templates/controller.java.vm with loader org.apache.velocity.runtime.resource.loader.ClasspathResourceLoader
2021-01-28 16:33:49,215 - Log4JLogChute initialized using file 'velocity.log'
2021-01-28 16:33:49,216 - Initializing Velocity, Calling init()...
2021-01-28 16:33:49,216 - Starting Apache Velocity v1.7 (compiled: 2010-11-19 12:14:37)
2021-01-28 16:33:49,216 - Default Properties File: org\apache\velocity\runtime\defaults\velocity.properties
2021-01-28 16:33:49,216 - Trying to use logger class org.apache.velocity.runtime.log.AvalonLogChute
2021-01-28 16:33:49,216 - Target log system for org.apache.velocity.runtime.log.AvalonLogChute is not available (java.lang.NoClassDefFoundError: org/apache/log/Priority).  Falling back to next log system...
2021-01-28 16:33:49,216 - Trying to use logger class org.apache.velocity.runtime.log.Log4JLogChute
2021-01-28 16:33:49,217 - Using logger class org.apache.velocity.runtime.log.Log4JLogChute
2021-01-28 16:33:49,232 - ResourceLoader instantiated: org.apache.velocity.runtime.resource.loader.ClasspathResourceLoader
2021-01-28 16:33:49,253 - ResourceCache: initialized (class org.apache.velocity.runtime.resource.ResourceCacheImpl) with class java.util.Collections$SynchronizedMap cache map.
2021-01-28 16:33:49,258 - Loaded System Directive: org.apache.velocity.runtime.directive.Stop
2021-01-28 16:33:49,260 - Loaded System Directive: org.apache.velocity.runtime.directive.Define
2021-01-28 16:33:49,262 - Loaded System Directive: org.apache.velocity.runtime.directive.Break
2021-01-28 16:33:49,263 - Loaded System Directive: org.apache.velocity.runtime.directive.Evaluate
2021-01-28 16:33:49,264 - Loaded System Directive: org.apache.velocity.runtime.directive.Literal
2021-01-28 16:33:49,265 - Loaded System Directive: org.apache.velocity.runtime.directive.Macro
2021-01-28 16:33:49,267 - Loaded System Directive: org.apache.velocity.runtime.directive.Parse
2021-01-28 16:33:49,269 - Loaded System Directive: org.apache.velocity.runtime.directive.Include
2021-01-28 16:33:49,270 - Loaded System Directive: org.apache.velocity.runtime.directive.Foreach
2021-01-28 16:33:49,291 - Created '20' parsers.
2021-01-28 16:33:49,294 - Velocimacro : "velocimacro.library" is not set.  Trying default library: VM_global_library.vm
2021-01-28 16:33:49,296 - Could not load resource 'VM_global_library.vm' from ResourceLoader org.apache.velocity.runtime.resource.loader.ClasspathResourceLoader: ClasspathResourceLoader Error: cannot find resource VM_global_library.vm
2021-01-28 16:33:49,297 - Velocimacro : Default library not found.
2021-01-28 16:33:49,297 - Velocimacro : allowInline = true : VMs can be defined inline in templates
2021-01-28 16:33:49,297 - Velocimacro : allowInlineToOverride = false : VMs defined inline may NOT replace previous VM definitions
2021-01-28 16:33:49,297 - Velocimacro : allowInlineLocal = false : VMs defined inline will be global in scope if allowed.
2021-01-28 16:33:49,297 - Velocimacro : autoload off : VM system will not automatically reload global library macros
2021-01-28 16:33:49,381 - ResourceManager : found /templates/mapper.xml.vm with loader org.apache.velocity.runtime.resource.loader.ClasspathResourceLoader
2021-01-28 16:33:49,534 - ResourceManager : found /templates/entity.java.vm with loader org.apache.velocity.runtime.resource.loader.ClasspathResourceLoader
2021-01-28 16:33:49,538 - Left side (${versionFieldName}) of '==' operation has null value. If it is a reference, it may not be in the context or its toString() returned null. /templates/entity.java.vm[line 92, column 26]
2021-01-28 16:33:49,539 - Left side (${logicDeleteFieldName}) of '==' operation has null value. If it is a reference, it may not be in the context or its toString() returned null. /templates/entity.java.vm[line 96, column 30]
2021-01-28 16:33:49,539 - Left side (${versionFieldName}) of '==' operation has null value. If it is a reference, it may not be in the context or its toString() returned null. /templates/entity.java.vm[line 92, column 26]
2021-01-28 16:33:49,539 - Left side (${logicDeleteFieldName}) of '==' operation has null value. If it is a reference, it may not be in the context or its toString() returned null. /templates/entity.java.vm[line 96, column 30]
2021-01-28 16:33:49,539 - Left side (${versionFieldName}) of '==' operation has null value. If it is a reference, it may not be in the context or its toString() returned null. /templates/entity.java.vm[line 92, column 26]
2021-01-28 16:33:49,539 - Left side (${logicDeleteFieldName}) of '==' operation has null value. If it is a reference, it may not be in the context or its toString() returned null. /templates/entity.java.vm[line 96, column 30]
2021-01-28 16:33:49,540 - Left side (${versionFieldName}) of '==' operation has null value. If it is a reference, it may not be in the context or its toString() returned null. /templates/entity.java.vm[line 92, column 26]
2021-01-28 16:33:49,540 - Left side (${logicDeleteFieldName}) of '==' operation has null value. If it is a reference, it may not be in the context or its toString() returned null. /templates/entity.java.vm[line 96, column 30]
2021-01-28 16:33:49,541 - Left side (${versionFieldName}) of '==' operation has null value. If it is a reference, it may not be in the context or its toString() returned null. /templates/entity.java.vm[line 92, column 26]
2021-01-28 16:33:49,541 - Left side (${logicDeleteFieldName}) of '==' operation has null value. If it is a reference, it may not be in the context or its toString() returned null. /templates/entity.java.vm[line 96, column 30]
2021-01-28 16:33:49,541 - Left side (${versionFieldName}) of '==' operation has null value. If it is a reference, it may not be in the context or its toString() returned null. /templates/entity.java.vm[line 92, column 26]
2021-01-28 16:33:49,542 - Left side (${logicDeleteFieldName}) of '==' operation has null value. If it is a reference, it may not be in the context or its toString() returned null. /templates/entity.java.vm[line 96, column 30]
2021-01-28 16:33:49,542 - Left side (${versionFieldName}) of '==' operation has null value. If it is a reference, it may not be in the context or its toString() returned null. /templates/entity.java.vm[line 92, column 26]
2021-01-28 16:33:49,542 - Left side (${logicDeleteFieldName}) of '==' operation has null value. If it is a reference, it may not be in the context or its toString() returned null. /templates/entity.java.vm[line 96, column 30]
2021-01-28 16:33:49,542 - Left side (${versionFieldName}) of '==' operation has null value. If it is a reference, it may not be in the context or its toString() returned null. /templates/entity.java.vm[line 92, column 26]
2021-01-28 16:33:49,542 - Left side (${logicDeleteFieldName}) of '==' operation has null value. If it is a reference, it may not be in the context or its toString() returned null. /templates/entity.java.vm[line 96, column 30]
2021-01-28 16:33:49,542 - Left side (${versionFieldName}) of '==' operation has null value. If it is a reference, it may not be in the context or its toString() returned null. /templates/entity.java.vm[line 92, column 26]
2021-01-28 16:33:49,542 - Left side (${logicDeleteFieldName}) of '==' operation has null value. If it is a reference, it may not be in the context or its toString() returned null. /templates/entity.java.vm[line 96, column 30]
2021-01-28 16:33:49,593 - ResourceManager : found /templates/mapper.java.vm with loader org.apache.velocity.runtime.resource.loader.ClasspathResourceLoader
2021-01-28 16:33:49,624 - ResourceManager : found /templates/service.java.vm with loader org.apache.velocity.runtime.resource.loader.ClasspathResourceLoader
2021-01-28 16:33:49,655 - ResourceManager : found /templates/serviceImpl.java.vm with loader org.apache.velocity.runtime.resource.loader.ClasspathResourceLoader
2021-01-28 16:33:49,758 - ResourceManager : found /templates/controller.java.vm with loader org.apache.velocity.runtime.resource.loader.ClasspathResourceLoader
2021-01-30 08:51:59,102 - Log4JLogChute initialized using file 'velocity.log'
2021-01-30 08:51:59,116 - Initializing Velocity, Calling init()...
2021-01-30 08:51:59,117 - Starting Apache Velocity v1.7 (compiled: 2010-11-19 12:14:37)
2021-01-30 08:51:59,117 - Default Properties File: org\apache\velocity\runtime\defaults\velocity.properties
2021-01-30 08:51:59,117 - Trying to use logger class org.apache.velocity.runtime.log.AvalonLogChute
2021-01-30 08:51:59,117 - Target log system for org.apache.velocity.runtime.log.AvalonLogChute is not available (java.lang.NoClassDefFoundError: org/apache/log/format/Formatter).  Falling back to next log system...
2021-01-30 08:51:59,117 - Trying to use logger class org.apache.velocity.runtime.log.Log4JLogChute
2021-01-30 08:51:59,117 - Using logger class org.apache.velocity.runtime.log.Log4JLogChute
2021-01-30 08:51:59,163 - ResourceLoader instantiated: org.apache.velocity.runtime.resource.loader.ClasspathResourceLoader
2021-01-30 08:51:59,192 - ResourceCache: initialized (class org.apache.velocity.runtime.resource.ResourceCacheImpl) with class java.util.Collections$SynchronizedMap cache map.
2021-01-30 08:51:59,194 - Loaded System Directive: org.apache.velocity.runtime.directive.Stop
2021-01-30 08:51:59,246 - Loaded System Directive: org.apache.velocity.runtime.directive.Define
2021-01-30 08:51:59,247 - Loaded System Directive: org.apache.velocity.runtime.directive.Break
2021-01-30 08:51:59,283 - Loaded System Directive: org.apache.velocity.runtime.directive.Evaluate
2021-01-30 08:51:59,286 - Loaded System Directive: org.apache.velocity.runtime.directive.Literal
2021-01-30 08:51:59,288 - Loaded System Directive: org.apache.velocity.runtime.directive.Macro
2021-01-30 08:51:59,292 - Loaded System Directive: org.apache.velocity.runtime.directive.Parse
2021-01-30 08:51:59,294 - Loaded System Directive: org.apache.velocity.runtime.directive.Include
2021-01-30 08:51:59,297 - Loaded System Directive: org.apache.velocity.runtime.directive.Foreach
2021-01-30 08:51:59,460 - Created '20' parsers.
2021-01-30 08:51:59,477 - Velocimacro : "velocimacro.library" is not set.  Trying default library: VM_global_library.vm
2021-01-30 08:51:59,479 - Could not load resource 'VM_global_library.vm' from ResourceLoader org.apache.velocity.runtime.resource.loader.ClasspathResourceLoader: ClasspathResourceLoader Error: cannot find resource VM_global_library.vm
2021-01-30 08:51:59,479 - Velocimacro : Default library not found.
2021-01-30 08:51:59,479 - Velocimacro : allowInline = true : VMs can be defined inline in templates
2021-01-30 08:51:59,479 - Velocimacro : allowInlineToOverride = false : VMs defined inline may NOT replace previous VM definitions
2021-01-30 08:51:59,479 - Velocimacro : allowInlineLocal = false : VMs defined inline will be global in scope if allowed.
2021-01-30 08:51:59,479 - Velocimacro : autoload off : VM system will not automatically reload global library macros
2021-01-30 08:51:59,747 - ResourceManager : found /templates/mapper.xml.vm with loader org.apache.velocity.runtime.resource.loader.ClasspathResourceLoader
2021-01-30 08:52:00,298 - ResourceManager : found /templates/entity.java.vm with loader org.apache.velocity.runtime.resource.loader.ClasspathResourceLoader
2021-01-30 08:52:00,305 - Left side (${versionFieldName}) of '==' operation has null value. If it is a reference, it may not be in the context or its toString() returned null. /templates/entity.java.vm[line 92, column 26]
2021-01-30 08:52:00,305 - Left side (${logicDeleteFieldName}) of '==' operation has null value. If it is a reference, it may not be in the context or its toString() returned null. /templates/entity.java.vm[line 96, column 30]
2021-01-30 08:52:00,305 - Left side (${versionFieldName}) of '==' operation has null value. If it is a reference, it may not be in the context or its toString() returned null. /templates/entity.java.vm[line 92, column 26]
2021-01-30 08:52:00,305 - Left side (${logicDeleteFieldName}) of '==' operation has null value. If it is a reference, it may not be in the context or its toString() returned null. /templates/entity.java.vm[line 96, column 30]
2021-01-30 08:52:00,306 - Left side (${versionFieldName}) of '==' operation has null value. If it is a reference, it may not be in the context or its toString() returned null. /templates/entity.java.vm[line 92, column 26]
2021-01-30 08:52:00,306 - Left side (${logicDeleteFieldName}) of '==' operation has null value. If it is a reference, it may not be in the context or its toString() returned null. /templates/entity.java.vm[line 96, column 30]
2021-01-30 08:52:00,308 - Left side (${versionFieldName}) of '==' operation has null value. If it is a reference, it may not be in the context or its toString() returned null. /templates/entity.java.vm[line 92, column 26]
2021-01-30 08:52:00,309 - Left side (${logicDeleteFieldName}) of '==' operation has null value. If it is a reference, it may not be in the context or its toString() returned null. /templates/entity.java.vm[line 96, column 30]
2021-01-30 08:52:00,311 - Left side (${versionFieldName}) of '==' operation has null value. If it is a reference, it may not be in the context or its toString() returned null. /templates/entity.java.vm[line 92, column 26]
2021-01-30 08:52:00,312 - Left side (${logicDeleteFieldName}) of '==' operation has null value. If it is a reference, it may not be in the context or its toString() returned null. /templates/entity.java.vm[line 96, column 30]
2021-01-30 08:52:00,315 - Left side (${versionFieldName}) of '==' operation has null value. If it is a reference, it may not be in the context or its toString() returned null. /templates/entity.java.vm[line 92, column 26]
2021-01-30 08:52:00,315 - Left side (${logicDeleteFieldName}) of '==' operation has null value. If it is a reference, it may not be in the context or its toString() returned null. /templates/entity.java.vm[line 96, column 30]
2021-01-30 08:52:00,316 - Left side (${versionFieldName}) of '==' operation has null value. If it is a reference, it may not be in the context or its toString() returned null. /templates/entity.java.vm[line 92, column 26]
2021-01-30 08:52:00,316 - Left side (${logicDeleteFieldName}) of '==' operation has null value. If it is a reference, it may not be in the context or its toString() returned null. /templates/entity.java.vm[line 96, column 30]
2021-01-30 08:52:00,316 - Left side (${versionFieldName}) of '==' operation has null value. If it is a reference, it may not be in the context or its toString() returned null. /templates/entity.java.vm[line 92, column 26]
2021-01-30 08:52:00,317 - Left side (${logicDeleteFieldName}) of '==' operation has null value. If it is a reference, it may not be in the context or its toString() returned null. /templates/entity.java.vm[line 96, column 30]
2021-01-30 08:52:00,317 - Left side (${versionFieldName}) of '==' operation has null value. If it is a reference, it may not be in the context or its toString() returned null. /templates/entity.java.vm[line 92, column 26]
2021-01-30 08:52:00,317 - Left side (${logicDeleteFieldName}) of '==' operation has null value. If it is a reference, it may not be in the context or its toString() returned null. /templates/entity.java.vm[line 96, column 30]
2021-01-30 08:52:00,580 - ResourceManager : found /templates/mapper.java.vm with loader org.apache.velocity.runtime.resource.loader.ClasspathResourceLoader
2021-01-30 08:52:00,708 - ResourceManager : found /templates/service.java.vm with loader org.apache.velocity.runtime.resource.loader.ClasspathResourceLoader
2021-01-30 08:52:00,941 - ResourceManager : found /templates/serviceImpl.java.vm with loader org.apache.velocity.runtime.resource.loader.ClasspathResourceLoader
2021-01-30 08:52:01,091 - ResourceManager : found /templates/controller.java.vm with loader org.apache.velocity.runtime.resource.loader.ClasspathResourceLoader
2021-01-30 10:12:39,121 - Log4JLogChute initialized using file 'velocity.log'
2021-01-30 10:12:39,127 - Initializing Velocity, Calling init()...
2021-01-30 10:12:39,127 - Starting Apache Velocity v1.7 (compiled: 2010-11-19 12:14:37)
2021-01-30 10:12:39,127 - Default Properties File: org\apache\velocity\runtime\defaults\velocity.properties
2021-01-30 10:12:39,127 - Trying to use logger class org.apache.velocity.runtime.log.AvalonLogChute
2021-01-30 10:12:39,127 - Target log system for org.apache.velocity.runtime.log.AvalonLogChute is not available (java.lang.NoClassDefFoundError: org/apache/log/format/Formatter).  Falling back to next log system...
2021-01-30 10:12:39,127 - Trying to use logger class org.apache.velocity.runtime.log.Log4JLogChute
2021-01-30 10:12:39,128 - Using logger class org.apache.velocity.runtime.log.Log4JLogChute
2021-01-30 10:12:39,138 - ResourceLoader instantiated: org.apache.velocity.runtime.resource.loader.ClasspathResourceLoader
2021-01-30 10:12:39,170 - ResourceCache: initialized (class org.apache.velocity.runtime.resource.ResourceCacheImpl) with class java.util.Collections$SynchronizedMap cache map.
2021-01-30 10:12:39,174 - Loaded System Directive: org.apache.velocity.runtime.directive.Stop
2021-01-30 10:12:39,177 - Loaded System Directive: org.apache.velocity.runtime.directive.Define
2021-01-30 10:12:39,179 - Loaded System Directive: org.apache.velocity.runtime.directive.Break
2021-01-30 10:12:39,180 - Loaded System Directive: org.apache.velocity.runtime.directive.Evaluate
2021-01-30 10:12:39,182 - Loaded System Directive: org.apache.velocity.runtime.directive.Literal
2021-01-30 10:12:39,184 - Loaded System Directive: org.apache.velocity.runtime.directive.Macro
2021-01-30 10:12:39,187 - Loaded System Directive: org.apache.velocity.runtime.directive.Parse
2021-01-30 10:12:39,192 - Loaded System Directive: org.apache.velocity.runtime.directive.Include
2021-01-30 10:12:39,194 - Loaded System Directive: org.apache.velocity.runtime.directive.Foreach
2021-01-30 10:12:39,329 - Created '20' parsers.
2021-01-30 10:12:39,353 - Velocimacro : "velocimacro.library" is not set.  Trying default library: VM_global_library.vm
2021-01-30 10:12:39,355 - Could not load resource 'VM_global_library.vm' from ResourceLoader org.apache.velocity.runtime.resource.loader.ClasspathResourceLoader: ClasspathResourceLoader Error: cannot find resource VM_global_library.vm
2021-01-30 10:12:39,355 - Velocimacro : Default library not found.
2021-01-30 10:12:39,355 - Velocimacro : allowInline = true : VMs can be defined inline in templates
2021-01-30 10:12:39,355 - Velocimacro : allowInlineToOverride = false : VMs defined inline may NOT replace previous VM definitions
2021-01-30 10:12:39,355 - Velocimacro : allowInlineLocal = false : VMs defined inline will be global in scope if allowed.
2021-01-30 10:12:39,356 - Velocimacro : autoload off : VM system will not automatically reload global library macros
2021-01-30 10:12:39,463 - ResourceManager : found /templates/mapper.xml.vm with loader org.apache.velocity.runtime.resource.loader.ClasspathResourceLoader
2021-01-30 10:12:39,919 - ResourceManager : found /templates/entity.java.vm with loader org.apache.velocity.runtime.resource.loader.ClasspathResourceLoader
2021-01-30 10:12:39,924 - Left side (${versionFieldName}) of '==' operation has null value. If it is a reference, it may not be in the context or its toString() returned null. /templates/entity.java.vm[line 92, column 26]
2021-01-30 10:12:39,924 - Left side (${logicDeleteFieldName}) of '==' operation has null value. If it is a reference, it may not be in the context or its toString() returned null. /templates/entity.java.vm[line 96, column 30]
2021-01-30 10:12:39,929 - Left side (${versionFieldName}) of '==' operation has null value. If it is a reference, it may not be in the context or its toString() returned null. /templates/entity.java.vm[line 92, column 26]
2021-01-30 10:12:39,929 - Left side (${logicDeleteFieldName}) of '==' operation has null value. If it is a reference, it may not be in the context or its toString() returned null. /templates/entity.java.vm[line 96, column 30]
2021-01-30 10:12:39,930 - Left side (${versionFieldName}) of '==' operation has null value. If it is a reference, it may not be in the context or its toString() returned null. /templates/entity.java.vm[line 92, column 26]
2021-01-30 10:12:39,932 - Left side (${logicDeleteFieldName}) of '==' operation has null value. If it is a reference, it may not be in the context or its toString() returned null. /templates/entity.java.vm[line 96, column 30]
2021-01-30 10:12:39,935 - Left side (${versionFieldName}) of '==' operation has null value. If it is a reference, it may not be in the context or its toString() returned null. /templates/entity.java.vm[line 92, column 26]
2021-01-30 10:12:39,935 - Left side (${logicDeleteFieldName}) of '==' operation has null value. If it is a reference, it may not be in the context or its toString() returned null. /templates/entity.java.vm[line 96, column 30]
2021-01-30 10:12:39,935 - Left side (${versionFieldName}) of '==' operation has null value. If it is a reference, it may not be in the context or its toString() returned null. /templates/entity.java.vm[line 92, column 26]
2021-01-30 10:12:39,936 - Left side (${logicDeleteFieldName}) of '==' operation has null value. If it is a reference, it may not be in the context or its toString() returned null. /templates/entity.java.vm[line 96, column 30]
2021-01-30 10:12:39,939 - Left side (${versionFieldName}) of '==' operation has null value. If it is a reference, it may not be in the context or its toString() returned null. /templates/entity.java.vm[line 92, column 26]
2021-01-30 10:12:39,940 - Left side (${logicDeleteFieldName}) of '==' operation has null value. If it is a reference, it may not be in the context or its toString() returned null. /templates/entity.java.vm[line 96, column 30]
2021-01-30 10:12:39,940 - Left side (${versionFieldName}) of '==' operation has null value. If it is a reference, it may not be in the context or its toString() returned null. /templates/entity.java.vm[line 92, column 26]
2021-01-30 10:12:39,940 - Left side (${logicDeleteFieldName}) of '==' operation has null value. If it is a reference, it may not be in the context or its toString() returned null. /templates/entity.java.vm[line 96, column 30]
2021-01-30 10:12:39,941 - Left side (${versionFieldName}) of '==' operation has null value. If it is a reference, it may not be in the context or its toString() returned null. /templates/entity.java.vm[line 92, column 26]
2021-01-30 10:12:39,941 - Left side (${logicDeleteFieldName}) of '==' operation has null value. If it is a reference, it may not be in the context or its toString() returned null. /templates/entity.java.vm[line 96, column 30]
2021-01-30 10:12:39,941 - Left side (${versionFieldName}) of '==' operation has null value. If it is a reference, it may not be in the context or its toString() returned null. /templates/entity.java.vm[line 92, column 26]
2021-01-30 10:12:39,942 - Left side (${logicDeleteFieldName}) of '==' operation has null value. If it is a reference, it may not be in the context or its toString() returned null. /templates/entity.java.vm[line 96, column 30]
2021-01-30 10:12:39,943 - Left side (${versionFieldName}) of '==' operation has null value. If it is a reference, it may not be in the context or its toString() returned null. /templates/entity.java.vm[line 92, column 26]
2021-01-30 10:12:39,943 - Left side (${logicDeleteFieldName}) of '==' operation has null value. If it is a reference, it may not be in the context or its toString() returned null. /templates/entity.java.vm[line 96, column 30]
2021-01-30 10:12:40,075 - ResourceManager : found /templates/mapper.java.vm with loader org.apache.velocity.runtime.resource.loader.ClasspathResourceLoader
2021-01-30 10:12:40,120 - ResourceManager : found /templates/service.java.vm with loader org.apache.velocity.runtime.resource.loader.ClasspathResourceLoader
2021-01-30 10:12:40,302 - ResourceManager : found /templates/serviceImpl.java.vm with loader org.apache.velocity.runtime.resource.loader.ClasspathResourceLoader
2021-01-30 10:12:40,532 - ResourceManager : found /templates/controller.java.vm with loader org.apache.velocity.runtime.resource.loader.ClasspathResourceLoader
2021-02-02 13:20:37,926 - Log4JLogChute initialized using file 'velocity.log'
2021-02-02 13:20:37,936 - Initializing Velocity, Calling init()...
2021-02-02 13:20:37,936 - Starting Apache Velocity v1.7 (compiled: 2010-11-19 12:14:37)
2021-02-02 13:20:37,936 - Default Properties File: org\apache\velocity\runtime\defaults\velocity.properties
2021-02-02 13:20:37,937 - Trying to use logger class org.apache.velocity.runtime.log.AvalonLogChute
2021-02-02 13:20:37,937 - Target log system for org.apache.velocity.runtime.log.AvalonLogChute is not available (java.lang.NoClassDefFoundError: org/apache/log/format/Formatter).  Falling back to next log system...
2021-02-02 13:20:37,937 - Trying to use logger class org.apache.velocity.runtime.log.Log4JLogChute
2021-02-02 13:20:37,937 - Using logger class org.apache.velocity.runtime.log.Log4JLogChute
2021-02-02 13:20:37,947 - ResourceLoader instantiated: org.apache.velocity.runtime.resource.loader.ClasspathResourceLoader
2021-02-02 13:20:38,033 - ResourceCache: initialized (class org.apache.velocity.runtime.resource.ResourceCacheImpl) with class java.util.Collections$SynchronizedMap cache map.
2021-02-02 13:20:38,049 - Loaded System Directive: org.apache.velocity.runtime.directive.Stop
2021-02-02 13:20:38,052 - Loaded System Directive: org.apache.velocity.runtime.directive.Define
2021-02-02 13:20:38,056 - Loaded System Directive: org.apache.velocity.runtime.directive.Break
2021-02-02 13:20:38,104 - Loaded System Directive: org.apache.velocity.runtime.directive.Evaluate
2021-02-02 13:20:38,106 - Loaded System Directive: org.apache.velocity.runtime.directive.Literal
2021-02-02 13:20:38,110 - Loaded System Directive: org.apache.velocity.runtime.directive.Macro
2021-02-02 13:20:38,114 - Loaded System Directive: org.apache.velocity.runtime.directive.Parse
2021-02-02 13:20:38,118 - Loaded System Directive: org.apache.velocity.runtime.directive.Include
2021-02-02 13:20:38,120 - Loaded System Directive: org.apache.velocity.runtime.directive.Foreach
2021-02-02 13:20:38,302 - Created '20' parsers.
2021-02-02 13:20:38,318 - Velocimacro : "velocimacro.library" is not set.  Trying default library: VM_global_library.vm
2021-02-02 13:20:38,319 - Could not load resource 'VM_global_library.vm' from ResourceLoader org.apache.velocity.runtime.resource.loader.ClasspathResourceLoader: ClasspathResourceLoader Error: cannot find resource VM_global_library.vm
2021-02-02 13:20:38,319 - Velocimacro : Default library not found.
2021-02-02 13:20:38,319 - Velocimacro : allowInline = true : VMs can be defined inline in templates
2021-02-02 13:20:38,319 - Velocimacro : allowInlineToOverride = false : VMs defined inline may NOT replace previous VM definitions
2021-02-02 13:20:38,319 - Velocimacro : allowInlineLocal = false : VMs defined inline will be global in scope if allowed.
2021-02-02 13:20:38,321 - Velocimacro : autoload off : VM system will not automatically reload global library macros
2021-02-02 13:20:38,860 - ResourceManager : found /templates/mapper.xml.vm with loader org.apache.velocity.runtime.resource.loader.ClasspathResourceLoader
2021-02-02 13:20:39,390 - ResourceManager : found /templates/entity.java.vm with loader org.apache.velocity.runtime.resource.loader.ClasspathResourceLoader
2021-02-02 13:20:39,394 - Left side (${versionFieldName}) of '==' operation has null value. If it is a reference, it may not be in the context or its toString() returned null. /templates/entity.java.vm[line 92, column 26]
2021-02-02 13:20:39,395 - Left side (${logicDeleteFieldName}) of '==' operation has null value. If it is a reference, it may not be in the context or its toString() returned null. /templates/entity.java.vm[line 96, column 30]
2021-02-02 13:20:39,395 - Left side (${versionFieldName}) of '==' operation has null value. If it is a reference, it may not be in the context or its toString() returned null. /templates/entity.java.vm[line 92, column 26]
2021-02-02 13:20:39,395 - Left side (${logicDeleteFieldName}) of '==' operation has null value. If it is a reference, it may not be in the context or its toString() returned null. /templates/entity.java.vm[line 96, column 30]
2021-02-02 13:20:39,395 - Left side (${versionFieldName}) of '==' operation has null value. If it is a reference, it may not be in the context or its toString() returned null. /templates/entity.java.vm[line 92, column 26]
2021-02-02 13:20:39,396 - Left side (${logicDeleteFieldName}) of '==' operation has null value. If it is a reference, it may not be in the context or its toString() returned null. /templates/entity.java.vm[line 96, column 30]
2021-02-02 13:20:39,396 - Left side (${versionFieldName}) of '==' operation has null value. If it is a reference, it may not be in the context or its toString() returned null. /templates/entity.java.vm[line 92, column 26]
2021-02-02 13:20:39,396 - Left side (${logicDeleteFieldName}) of '==' operation has null value. If it is a reference, it may not be in the context or its toString() returned null. /templates/entity.java.vm[line 96, column 30]
2021-02-02 13:20:39,399 - Left side (${versionFieldName}) of '==' operation has null value. If it is a reference, it may not be in the context or its toString() returned null. /templates/entity.java.vm[line 92, column 26]
2021-02-02 13:20:39,407 - Left side (${logicDeleteFieldName}) of '==' operation has null value. If it is a reference, it may not be in the context or its toString() returned null. /templates/entity.java.vm[line 96, column 30]
2021-02-02 13:20:39,408 - Left side (${versionFieldName}) of '==' operation has null value. If it is a reference, it may not be in the context or its toString() returned null. /templates/entity.java.vm[line 92, column 26]
2021-02-02 13:20:39,408 - Left side (${logicDeleteFieldName}) of '==' operation has null value. If it is a reference, it may not be in the context or its toString() returned null. /templates/entity.java.vm[line 96, column 30]
2021-02-02 13:20:39,409 - Left side (${versionFieldName}) of '==' operation has null value. If it is a reference, it may not be in the context or its toString() returned null. /templates/entity.java.vm[line 92, column 26]
2021-02-02 13:20:39,409 - Left side (${logicDeleteFieldName}) of '==' operation has null value. If it is a reference, it may not be in the context or its toString() returned null. /templates/entity.java.vm[line 96, column 30]
2021-02-02 13:20:39,410 - Left side (${versionFieldName}) of '==' operation has null value. If it is a reference, it may not be in the context or its toString() returned null. /templates/entity.java.vm[line 92, column 26]
2021-02-02 13:20:39,410 - Left side (${logicDeleteFieldName}) of '==' operation has null value. If it is a reference, it may not be in the context or its toString() returned null. /templates/entity.java.vm[line 96, column 30]
2021-02-02 13:20:39,410 - Left side (${versionFieldName}) of '==' operation has null value. If it is a reference, it may not be in the context or its toString() returned null. /templates/entity.java.vm[line 92, column 26]
2021-02-02 13:20:39,411 - Left side (${logicDeleteFieldName}) of '==' operation has null value. If it is a reference, it may not be in the context or its toString() returned null. /templates/entity.java.vm[line 96, column 30]
2021-02-02 13:20:39,411 - Left side (${versionFieldName}) of '==' operation has null value. If it is a reference, it may not be in the context or its toString() returned null. /templates/entity.java.vm[line 92, column 26]
2021-02-02 13:20:39,411 - Left side (${logicDeleteFieldName}) of '==' operation has null value. If it is a reference, it may not be in the context or its toString() returned null. /templates/entity.java.vm[line 96, column 30]
2021-02-02 13:20:39,411 - Left side (${versionFieldName}) of '==' operation has null value. If it is a reference, it may not be in the context or its toString() returned null. /templates/entity.java.vm[line 92, column 26]
2021-02-02 13:20:39,411 - Left side (${logicDeleteFieldName}) of '==' operation has null value. If it is a reference, it may not be in the context or its toString() returned null. /templates/entity.java.vm[line 96, column 30]
2021-02-02 13:20:39,411 - Left side (${versionFieldName}) of '==' operation has null value. If it is a reference, it may not be in the context or its toString() returned null. /templates/entity.java.vm[line 92, column 26]
2021-02-02 13:20:39,411 - Left side (${logicDeleteFieldName}) of '==' operation has null value. If it is a reference, it may not be in the context or its toString() returned null. /templates/entity.java.vm[line 96, column 30]
2021-02-02 13:20:39,413 - Left side (${versionFieldName}) of '==' operation has null value. If it is a reference, it may not be in the context or its toString() returned null. /templates/entity.java.vm[line 92, column 26]
2021-02-02 13:20:39,414 - Left side (${logicDeleteFieldName}) of '==' operation has null value. If it is a reference, it may not be in the context or its toString() returned null. /templates/entity.java.vm[line 96, column 30]
2021-02-02 13:20:39,414 - Left side (${versionFieldName}) of '==' operation has null value. If it is a reference, it may not be in the context or its toString() returned null. /templates/entity.java.vm[line 92, column 26]
2021-02-02 13:20:39,414 - Left side (${logicDeleteFieldName}) of '==' operation has null value. If it is a reference, it may not be in the context or its toString() returned null. /templates/entity.java.vm[line 96, column 30]
2021-02-02 13:20:39,414 - Left side (${versionFieldName}) of '==' operation has null value. If it is a reference, it may not be in the context or its toString() returned null. /templates/entity.java.vm[line 92, column 26]
2021-02-02 13:20:39,414 - Left side (${logicDeleteFieldName}) of '==' operation has null value. If it is a reference, it may not be in the context or its toString() returned null. /templates/entity.java.vm[line 96, column 30]
2021-02-02 13:20:39,415 - Left side (${versionFieldName}) of '==' operation has null value. If it is a reference, it may not be in the context or its toString() returned null. /templates/entity.java.vm[line 92, column 26]
2021-02-02 13:20:39,415 - Left side (${logicDeleteFieldName}) of '==' operation has null value. If it is a reference, it may not be in the context or its toString() returned null. /templates/entity.java.vm[line 96, column 30]
2021-02-02 13:20:39,424 - Left side (${versionFieldName}) of '==' operation has null value. If it is a reference, it may not be in the context or its toString() returned null. /templates/entity.java.vm[line 92, column 26]
2021-02-02 13:20:39,424 - Left side (${logicDeleteFieldName}) of '==' operation has null value. If it is a reference, it may not be in the context or its toString() returned null. /templates/entity.java.vm[line 96, column 30]
2021-02-02 13:20:39,425 - Left side (${versionFieldName}) of '==' operation has null value. If it is a reference, it may not be in the context or its toString() returned null. /templates/entity.java.vm[line 92, column 26]
2021-02-02 13:20:39,425 - Left side (${logicDeleteFieldName}) of '==' operation has null value. If it is a reference, it may not be in the context or its toString() returned null. /templates/entity.java.vm[line 96, column 30]
2021-02-02 13:20:39,425 - Left side (${versionFieldName}) of '==' operation has null value. If it is a reference, it may not be in the context or its toString() returned null. /templates/entity.java.vm[line 92, column 26]
2021-02-02 13:20:39,425 - Left side (${logicDeleteFieldName}) of '==' operation has null value. If it is a reference, it may not be in the context or its toString() returned null. /templates/entity.java.vm[line 96, column 30]
2021-02-02 13:20:39,425 - Left side (${versionFieldName}) of '==' operation has null value. If it is a reference, it may not be in the context or its toString() returned null. /templates/entity.java.vm[line 92, column 26]
2021-02-02 13:20:39,426 - Left side (${logicDeleteFieldName}) of '==' operation has null value. If it is a reference, it may not be in the context or its toString() returned null. /templates/entity.java.vm[line 96, column 30]
2021-02-02 13:20:39,426 - Left side (${versionFieldName}) of '==' operation has null value. If it is a reference, it may not be in the context or its toString() returned null. /templates/entity.java.vm[line 92, column 26]
2021-02-02 13:20:39,426 - Left side (${logicDeleteFieldName}) of '==' operation has null value. If it is a reference, it may not be in the context or its toString() returned null. /templates/entity.java.vm[line 96, column 30]
2021-02-02 13:20:39,427 - Left side (${versionFieldName}) of '==' operation has null value. If it is a reference, it may not be in the context or its toString() returned null. /templates/entity.java.vm[line 92, column 26]
2021-02-02 13:20:39,427 - Left side (${logicDeleteFieldName}) of '==' operation has null value. If it is a reference, it may not be in the context or its toString() returned null. /templates/entity.java.vm[line 96, column 30]
2021-02-02 13:20:39,446 - Left side (${versionFieldName}) of '==' operation has null value. If it is a reference, it may not be in the context or its toString() returned null. /templates/entity.java.vm[line 92, column 26]
2021-02-02 13:20:39,446 - Left side (${logicDeleteFieldName}) of '==' operation has null value. If it is a reference, it may not be in the context or its toString() returned null. /templates/entity.java.vm[line 96, column 30]
2021-02-02 13:20:39,446 - Left side (${versionFieldName}) of '==' operation has null value. If it is a reference, it may not be in the context or its toString() returned null. /templates/entity.java.vm[line 92, column 26]
2021-02-02 13:20:39,446 - Left side (${logicDeleteFieldName}) of '==' operation has null value. If it is a reference, it may not be in the context or its toString() returned null. /templates/entity.java.vm[line 96, column 30]
2021-02-02 13:20:39,447 - Left side (${versionFieldName}) of '==' operation has null value. If it is a reference, it may not be in the context or its toString() returned null. /templates/entity.java.vm[line 92, column 26]
2021-02-02 13:20:39,447 - Left side (${logicDeleteFieldName}) of '==' operation has null value. If it is a reference, it may not be in the context or its toString() returned null. /templates/entity.java.vm[line 96, column 30]
2021-02-02 13:20:39,447 - Left side (${versionFieldName}) of '==' operation has null value. If it is a reference, it may not be in the context or its toString() returned null. /templates/entity.java.vm[line 92, column 26]
2021-02-02 13:20:39,447 - Left side (${logicDeleteFieldName}) of '==' operation has null value. If it is a reference, it may not be in the context or its toString() returned null. /templates/entity.java.vm[line 96, column 30]
2021-02-02 13:20:39,930 - ResourceManager : found /templates/mapper.java.vm with loader org.apache.velocity.runtime.resource.loader.ClasspathResourceLoader
2021-02-02 13:20:40,147 - ResourceManager : found /templates/service.java.vm with loader org.apache.velocity.runtime.resource.loader.ClasspathResourceLoader
2021-02-02 13:20:40,339 - ResourceManager : found /templates/serviceImpl.java.vm with loader org.apache.velocity.runtime.resource.loader.ClasspathResourceLoader
2021-02-02 13:20:40,859 - ResourceManager : found /templates/controller.java.vm with loader org.apache.velocity.runtime.resource.loader.ClasspathResourceLoader
2021-02-02 17:10:54,801 - Log4JLogChute initialized using file 'velocity.log'
2021-02-02 17:10:54,853 - Initializing Velocity, Calling init()...
2021-02-02 17:10:54,867 - Starting Apache Velocity v1.7 (compiled: 2010-11-19 12:14:37)
2021-02-02 17:10:54,868 - Default Properties File: org\apache\velocity\runtime\defaults\velocity.properties
2021-02-02 17:10:54,868 - Trying to use logger class org.apache.velocity.runtime.log.AvalonLogChute
2021-02-02 17:10:54,868 - Target log system for org.apache.velocity.runtime.log.AvalonLogChute is not available (java.lang.NoClassDefFoundError: org/apache/log/format/Formatter).  Falling back to next log system...
2021-02-02 17:10:54,868 - Trying to use logger class org.apache.velocity.runtime.log.Log4JLogChute
2021-02-02 17:10:54,868 - Using logger class org.apache.velocity.runtime.log.Log4JLogChute
2021-02-02 17:10:54,877 - ResourceLoader instantiated: org.apache.velocity.runtime.resource.loader.ClasspathResourceLoader
2021-02-02 17:10:54,909 - ResourceCache: initialized (class org.apache.velocity.runtime.resource.ResourceCacheImpl) with class java.util.Collections$SynchronizedMap cache map.
2021-02-02 17:10:54,911 - Loaded System Directive: org.apache.velocity.runtime.directive.Stop
2021-02-02 17:10:54,914 - Loaded System Directive: org.apache.velocity.runtime.directive.Define
2021-02-02 17:10:54,915 - Loaded System Directive: org.apache.velocity.runtime.directive.Break
2021-02-02 17:10:54,917 - Loaded System Directive: org.apache.velocity.runtime.directive.Evaluate
2021-02-02 17:10:54,920 - Loaded System Directive: org.apache.velocity.runtime.directive.Literal
2021-02-02 17:10:54,923 - Loaded System Directive: org.apache.velocity.runtime.directive.Macro
2021-02-02 17:10:54,926 - Loaded System Directive: org.apache.velocity.runtime.directive.Parse
2021-02-02 17:10:54,929 - Loaded System Directive: org.apache.velocity.runtime.directive.Include
2021-02-02 17:10:54,931 - Loaded System Directive: org.apache.velocity.runtime.directive.Foreach
2021-02-02 17:10:55,040 - Created '20' parsers.
2021-02-02 17:10:55,063 - Velocimacro : "velocimacro.library" is not set.  Trying default library: VM_global_library.vm
2021-02-02 17:10:55,066 - Could not load resource 'VM_global_library.vm' from ResourceLoader org.apache.velocity.runtime.resource.loader.ClasspathResourceLoader: ClasspathResourceLoader Error: cannot find resource VM_global_library.vm
2021-02-02 17:10:55,066 - Velocimacro : Default library not found.
2021-02-02 17:10:55,066 - Velocimacro : allowInline = true : VMs can be defined inline in templates
2021-02-02 17:10:55,066 - Velocimacro : allowInlineToOverride = false : VMs defined inline may NOT replace previous VM definitions
2021-02-02 17:10:55,066 - Velocimacro : allowInlineLocal = false : VMs defined inline will be global in scope if allowed.
2021-02-02 17:10:55,066 - Velocimacro : autoload off : VM system will not automatically reload global library macros
2021-02-02 17:10:55,257 - ResourceManager : found /templates/mapper.xml.vm with loader org.apache.velocity.runtime.resource.loader.ClasspathResourceLoader
2021-02-02 17:10:55,721 - ResourceManager : found /templates/entity.java.vm with loader org.apache.velocity.runtime.resource.loader.ClasspathResourceLoader
2021-02-02 17:10:55,731 - Left side (${versionFieldName}) of '==' operation has null value. If it is a reference, it may not be in the context or its toString() returned null. /templates/entity.java.vm[line 92, column 26]
2021-02-02 17:10:55,731 - Left side (${logicDeleteFieldName}) of '==' operation has null value. If it is a reference, it may not be in the context or its toString() returned null. /templates/entity.java.vm[line 96, column 30]
2021-02-02 17:10:55,732 - Left side (${versionFieldName}) of '==' operation has null value. If it is a reference, it may not be in the context or its toString() returned null. /templates/entity.java.vm[line 92, column 26]
2021-02-02 17:10:55,732 - Left side (${logicDeleteFieldName}) of '==' operation has null value. If it is a reference, it may not be in the context or its toString() returned null. /templates/entity.java.vm[line 96, column 30]
2021-02-02 17:10:55,733 - Left side (${versionFieldName}) of '==' operation has null value. If it is a reference, it may not be in the context or its toString() returned null. /templates/entity.java.vm[line 92, column 26]
2021-02-02 17:10:55,733 - Left side (${logicDeleteFieldName}) of '==' operation has null value. If it is a reference, it may not be in the context or its toString() returned null. /templates/entity.java.vm[line 96, column 30]
2021-02-02 17:10:55,734 - Left side (${versionFieldName}) of '==' operation has null value. If it is a reference, it may not be in the context or its toString() returned null. /templates/entity.java.vm[line 92, column 26]
2021-02-02 17:10:55,735 - Left side (${logicDeleteFieldName}) of '==' operation has null value. If it is a reference, it may not be in the context or its toString() returned null. /templates/entity.java.vm[line 96, column 30]
2021-02-02 17:10:55,735 - Left side (${versionFieldName}) of '==' operation has null value. If it is a reference, it may not be in the context or its toString() returned null. /templates/entity.java.vm[line 92, column 26]
2021-02-02 17:10:55,735 - Left side (${logicDeleteFieldName}) of '==' operation has null value. If it is a reference, it may not be in the context or its toString() returned null. /templates/entity.java.vm[line 96, column 30]
2021-02-02 17:10:55,736 - Left side (${versionFieldName}) of '==' operation has null value. If it is a reference, it may not be in the context or its toString() returned null. /templates/entity.java.vm[line 92, column 26]
2021-02-02 17:10:55,737 - Left side (${logicDeleteFieldName}) of '==' operation has null value. If it is a reference, it may not be in the context or its toString() returned null. /templates/entity.java.vm[line 96, column 30]
2021-02-02 17:10:55,738 - Left side (${versionFieldName}) of '==' operation has null value. If it is a reference, it may not be in the context or its toString() returned null. /templates/entity.java.vm[line 92, column 26]
2021-02-02 17:10:55,738 - Left side (${logicDeleteFieldName}) of '==' operation has null value. If it is a reference, it may not be in the context or its toString() returned null. /templates/entity.java.vm[line 96, column 30]
2021-02-02 17:10:55,738 - Left side (${versionFieldName}) of '==' operation has null value. If it is a reference, it may not be in the context or its toString() returned null. /templates/entity.java.vm[line 92, column 26]
2021-02-02 17:10:55,742 - Left side (${logicDeleteFieldName}) of '==' operation has null value. If it is a reference, it may not be in the context or its toString() returned null. /templates/entity.java.vm[line 96, column 30]
2021-02-02 17:10:55,742 - Left side (${versionFieldName}) of '==' operation has null value. If it is a reference, it may not be in the context or its toString() returned null. /templates/entity.java.vm[line 92, column 26]
2021-02-02 17:10:55,743 - Left side (${logicDeleteFieldName}) of '==' operation has null value. If it is a reference, it may not be in the context or its toString() returned null. /templates/entity.java.vm[line 96, column 30]
2021-02-02 17:10:55,743 - Left side (${versionFieldName}) of '==' operation has null value. If it is a reference, it may not be in the context or its toString() returned null. /templates/entity.java.vm[line 92, column 26]
2021-02-02 17:10:55,743 - Left side (${logicDeleteFieldName}) of '==' operation has null value. If it is a reference, it may not be in the context or its toString() returned null. /templates/entity.java.vm[line 96, column 30]
2021-02-02 17:10:55,745 - Left side (${versionFieldName}) of '==' operation has null value. If it is a reference, it may not be in the context or its toString() returned null. /templates/entity.java.vm[line 92, column 26]
2021-02-02 17:10:55,745 - Left side (${logicDeleteFieldName}) of '==' operation has null value. If it is a reference, it may not be in the context or its toString() returned null. /templates/entity.java.vm[line 96, column 30]
2021-02-02 17:10:55,752 - Left side (${versionFieldName}) of '==' operation has null value. If it is a reference, it may not be in the context or its toString() returned null. /templates/entity.java.vm[line 92, column 26]
2021-02-02 17:10:55,752 - Left side (${logicDeleteFieldName}) of '==' operation has null value. If it is a reference, it may not be in the context or its toString() returned null. /templates/entity.java.vm[line 96, column 30]
2021-02-02 17:10:55,752 - Left side (${versionFieldName}) of '==' operation has null value. If it is a reference, it may not be in the context or its toString() returned null. /templates/entity.java.vm[line 92, column 26]
2021-02-02 17:10:55,753 - Left side (${logicDeleteFieldName}) of '==' operation has null value. If it is a reference, it may not be in the context or its toString() returned null. /templates/entity.java.vm[line 96, column 30]
2021-02-02 17:10:55,753 - Left side (${versionFieldName}) of '==' operation has null value. If it is a reference, it may not be in the context or its toString() returned null. /templates/entity.java.vm[line 92, column 26]
2021-02-02 17:10:55,753 - Left side (${logicDeleteFieldName}) of '==' operation has null value. If it is a reference, it may not be in the context or its toString() returned null. /templates/entity.java.vm[line 96, column 30]
2021-02-02 17:10:55,753 - Left side (${versionFieldName}) of '==' operation has null value. If it is a reference, it may not be in the context or its toString() returned null. /templates/entity.java.vm[line 92, column 26]
2021-02-02 17:10:55,753 - Left side (${logicDeleteFieldName}) of '==' operation has null value. If it is a reference, it may not be in the context or its toString() returned null. /templates/entity.java.vm[line 96, column 30]
2021-02-02 17:10:55,754 - Left side (${versionFieldName}) of '==' operation has null value. If it is a reference, it may not be in the context or its toString() returned null. /templates/entity.java.vm[line 92, column 26]
2021-02-02 17:10:55,754 - Left side (${logicDeleteFieldName}) of '==' operation has null value. If it is a reference, it may not be in the context or its toString() returned null. /templates/entity.java.vm[line 96, column 30]
2021-02-02 17:10:55,759 - Left side (${versionFieldName}) of '==' operation has null value. If it is a reference, it may not be in the context or its toString() returned null. /templates/entity.java.vm[line 92, column 26]
2021-02-02 17:10:55,759 - Left side (${logicDeleteFieldName}) of '==' operation has null value. If it is a reference, it may not be in the context or its toString() returned null. /templates/entity.java.vm[line 96, column 30]
2021-02-02 17:10:55,760 - Left side (${versionFieldName}) of '==' operation has null value. If it is a reference, it may not be in the context or its toString() returned null. /templates/entity.java.vm[line 92, column 26]
2021-02-02 17:10:55,760 - Left side (${logicDeleteFieldName}) of '==' operation has null value. If it is a reference, it may not be in the context or its toString() returned null. /templates/entity.java.vm[line 96, column 30]
2021-02-02 17:10:55,760 - Left side (${versionFieldName}) of '==' operation has null value. If it is a reference, it may not be in the context or its toString() returned null. /templates/entity.java.vm[line 92, column 26]
2021-02-02 17:10:55,760 - Left side (${logicDeleteFieldName}) of '==' operation has null value. If it is a reference, it may not be in the context or its toString() returned null. /templates/entity.java.vm[line 96, column 30]
2021-02-02 17:10:55,760 - Left side (${versionFieldName}) of '==' operation has null value. If it is a reference, it may not be in the context or its toString() returned null. /templates/entity.java.vm[line 92, column 26]
2021-02-02 17:10:55,760 - Left side (${logicDeleteFieldName}) of '==' operation has null value. If it is a reference, it may not be in the context or its toString() returned null. /templates/entity.java.vm[line 96, column 30]
2021-02-02 17:10:55,760 - Left side (${versionFieldName}) of '==' operation has null value. If it is a reference, it may not be in the context or its toString() returned null. /templates/entity.java.vm[line 92, column 26]
2021-02-02 17:10:55,761 - Left side (${logicDeleteFieldName}) of '==' operation has null value. If it is a reference, it may not be in the context or its toString() returned null. /templates/entity.java.vm[line 96, column 30]
2021-02-02 17:10:55,761 - Left side (${versionFieldName}) of '==' operation has null value. If it is a reference, it may not be in the context or its toString() returned null. /templates/entity.java.vm[line 92, column 26]
2021-02-02 17:10:55,762 - Left side (${logicDeleteFieldName}) of '==' operation has null value. If it is a reference, it may not be in the context or its toString() returned null. /templates/entity.java.vm[line 96, column 30]
2021-02-02 17:10:55,762 - Left side (${versionFieldName}) of '==' operation has null value. If it is a reference, it may not be in the context or its toString() returned null. /templates/entity.java.vm[line 92, column 26]
2021-02-02 17:10:55,762 - Left side (${logicDeleteFieldName}) of '==' operation has null value. If it is a reference, it may not be in the context or its toString() returned null. /templates/entity.java.vm[line 96, column 30]
2021-02-02 17:10:55,763 - Left side (${versionFieldName}) of '==' operation has null value. If it is a reference, it may not be in the context or its toString() returned null. /templates/entity.java.vm[line 92, column 26]
2021-02-02 17:10:55,763 - Left side (${logicDeleteFieldName}) of '==' operation has null value. If it is a reference, it may not be in the context or its toString() returned null. /templates/entity.java.vm[line 96, column 30]
2021-02-02 17:10:55,764 - Left side (${versionFieldName}) of '==' operation has null value. If it is a reference, it may not be in the context or its toString() returned null. /templates/entity.java.vm[line 92, column 26]
2021-02-02 17:10:55,764 - Left side (${logicDeleteFieldName}) of '==' operation has null value. If it is a reference, it may not be in the context or its toString() returned null. /templates/entity.java.vm[line 96, column 30]
2021-02-02 17:10:55,764 - Left side (${versionFieldName}) of '==' operation has null value. If it is a reference, it may not be in the context or its toString() returned null. /templates/entity.java.vm[line 92, column 26]
2021-02-02 17:10:55,764 - Left side (${logicDeleteFieldName}) of '==' operation has null value. If it is a reference, it may not be in the context or its toString() returned null. /templates/entity.java.vm[line 96, column 30]
2021-02-02 17:10:55,764 - Left side (${versionFieldName}) of '==' operation has null value. If it is a reference, it may not be in the context or its toString() returned null. /templates/entity.java.vm[line 92, column 26]
2021-02-02 17:10:55,765 - Left side (${logicDeleteFieldName}) of '==' operation has null value. If it is a reference, it may not be in the context or its toString() returned null. /templates/entity.java.vm[line 96, column 30]
2021-02-02 17:10:55,905 - ResourceManager : found /templates/mapper.java.vm with loader org.apache.velocity.runtime.resource.loader.ClasspathResourceLoader
2021-02-02 17:10:55,989 - ResourceManager : found /templates/service.java.vm with loader org.apache.velocity.runtime.resource.loader.ClasspathResourceLoader
2021-02-02 17:10:56,057 - ResourceManager : found /templates/serviceImpl.java.vm with loader org.apache.velocity.runtime.resource.loader.ClasspathResourceLoader
2021-02-02 17:10:56,214 - ResourceManager : found /templates/controller.java.vm with loader org.apache.velocity.runtime.resource.loader.ClasspathResourceLoader
